2025-08-27 17:11:17,589 - INFO - Starting raw data validation in data/raw/dataset
2025-08-27 17:11:17,601 - WARNING - Skipping (too large per config): data/raw/dataset/010/Trajectory/20081219114010.plt size=5.66 MB
2025-08-27 17:11:17,756 - INFO - Validation complete. 18223 valid files found. Skipped large files: 1
2025-08-27 17:11:17,757 - INFO - Generating metadata for 18223 files
2025-08-27 17:11:19,741 - INFO -   wrote 200 chunks; rows so far=223,683
2025-08-27 17:11:21,995 - INFO -   wrote 400 chunks; rows so far=511,151
2025-08-27 17:11:24,347 - INFO -   wrote 600 chunks; rows so far=830,983
2025-08-27 17:11:26,526 - INFO -   wrote 800 chunks; rows so far=1,096,360
2025-08-27 17:11:28,524 - INFO -   wrote 1000 chunks; rows so far=1,316,946
2025-08-27 17:11:30,598 - INFO -   wrote 1200 chunks; rows so far=1,559,536
2025-08-27 17:11:33,507 - INFO -   wrote 1400 chunks; rows so far=2,024,349
2025-08-27 17:11:37,098 - INFO -   wrote 1600 chunks; rows so far=2,721,447
2025-08-27 17:11:38,990 - INFO -   wrote 1800 chunks; rows so far=2,937,498
2025-08-27 17:11:41,609 - INFO -   wrote 2000 chunks; rows so far=3,320,554
2025-08-27 17:11:43,820 - INFO -   wrote 2200 chunks; rows so far=3,587,990
2025-08-27 17:11:46,890 - INFO -   wrote 2400 chunks; rows so far=3,980,664
2025-08-27 17:11:50,124 - INFO -   wrote 2600 chunks; rows so far=4,492,508
2025-08-27 17:11:52,858 - INFO -   wrote 2800 chunks; rows so far=4,884,240
2025-08-27 17:11:54,820 - INFO -   wrote 3000 chunks; rows so far=5,082,903
2025-08-27 17:11:58,421 - INFO -   wrote 3200 chunks; rows so far=5,710,499
2025-08-27 17:12:00,891 - INFO -   wrote 3400 chunks; rows so far=6,021,496
2025-08-27 17:12:02,847 - INFO -   wrote 3600 chunks; rows so far=6,213,119
2025-08-27 17:12:04,652 - INFO -   wrote 3800 chunks; rows so far=6,369,758
2025-08-27 17:12:06,578 - INFO -   wrote 4000 chunks; rows so far=6,550,479
2025-08-27 17:12:09,554 - INFO -   wrote 4200 chunks; rows so far=6,986,414
2025-08-27 17:12:12,480 - INFO -   wrote 4400 chunks; rows so far=7,420,280
2025-08-27 17:12:14,954 - INFO -   wrote 4600 chunks; rows so far=7,749,843
2025-08-27 17:12:18,014 - INFO -   wrote 4800 chunks; rows so far=8,235,018
2025-08-27 17:12:20,805 - INFO -   wrote 5000 chunks; rows so far=8,612,460
2025-08-27 17:12:23,484 - INFO -   wrote 5200 chunks; rows so far=8,973,907
2025-08-27 17:12:25,734 - INFO -   wrote 5400 chunks; rows so far=9,234,754
2025-08-27 17:12:28,492 - INFO -   wrote 5600 chunks; rows so far=9,618,619
2025-08-27 17:12:31,248 - INFO -   wrote 5800 chunks; rows so far=9,995,824
2025-08-27 17:12:33,937 - INFO -   wrote 6000 chunks; rows so far=10,368,019
2025-08-27 17:12:36,335 - INFO -   wrote 6200 chunks; rows so far=10,671,046
2025-08-27 17:12:40,292 - INFO -   wrote 6400 chunks; rows so far=11,409,934
2025-08-27 17:12:41,933 - INFO -   wrote 6600 chunks; rows so far=11,540,720
2025-08-27 17:12:43,436 - INFO -   wrote 6800 chunks; rows so far=11,632,155
2025-08-27 17:12:45,014 - INFO -   wrote 7000 chunks; rows so far=11,737,484
2025-08-27 17:12:46,560 - INFO -   wrote 7200 chunks; rows so far=11,840,790
2025-08-27 17:12:50,247 - INFO -   wrote 7400 chunks; rows so far=12,516,641
2025-08-27 17:12:53,534 - INFO -   wrote 7600 chunks; rows so far=13,006,230
2025-08-27 17:12:56,695 - INFO -   wrote 7800 chunks; rows so far=13,486,557
2025-08-27 17:12:59,519 - INFO -   wrote 8000 chunks; rows so far=13,904,817
2025-08-27 17:13:01,545 - INFO -   wrote 8200 chunks; rows so far=14,126,337
2025-08-27 17:13:03,592 - INFO -   wrote 8400 chunks; rows so far=14,358,563
2025-08-27 17:13:06,114 - INFO -   wrote 8600 chunks; rows so far=14,690,349
2025-08-27 17:13:08,684 - INFO -   wrote 8800 chunks; rows so far=15,040,360
2025-08-27 17:13:10,932 - INFO -   wrote 9000 chunks; rows so far=15,296,277
2025-08-27 17:13:13,022 - INFO -   wrote 9200 chunks; rows so far=15,532,222
2025-08-27 17:13:14,391 - INFO -   wrote 9400 chunks; rows so far=15,594,809
2025-08-27 17:13:16,002 - INFO -   wrote 9600 chunks; rows so far=15,713,902
2025-08-27 17:13:18,026 - INFO -   wrote 9800 chunks; rows so far=15,941,858
2025-08-27 17:13:19,490 - INFO -   wrote 10000 chunks; rows so far=16,024,308
2025-08-27 17:13:20,950 - INFO -   wrote 10200 chunks; rows so far=16,103,585
2025-08-27 17:13:22,521 - INFO -   wrote 10400 chunks; rows so far=16,209,440
2025-08-27 17:13:24,648 - INFO -   wrote 10600 chunks; rows so far=16,437,804
2025-08-27 17:13:27,688 - INFO -   wrote 10800 chunks; rows so far=16,917,120
2025-08-27 17:13:30,031 - INFO -   wrote 11000 chunks; rows so far=17,208,495
2025-08-27 17:13:31,678 - INFO -   wrote 11200 chunks; rows so far=17,327,278
2025-08-27 17:13:33,261 - INFO -   wrote 11400 chunks; rows so far=17,438,859
2025-08-27 17:13:34,957 - INFO -   wrote 11600 chunks; rows so far=17,574,905
2025-08-27 17:13:36,505 - INFO -   wrote 11800 chunks; rows so far=17,677,642
2025-08-27 17:13:38,130 - INFO -   wrote 12000 chunks; rows so far=17,795,636
2025-08-27 17:13:39,681 - INFO -   wrote 12200 chunks; rows so far=17,902,356
2025-08-27 17:13:41,291 - INFO -   wrote 12400 chunks; rows so far=18,015,031
2025-08-27 17:13:42,918 - INFO -   wrote 12600 chunks; rows so far=18,131,592
2025-08-27 17:13:44,575 - INFO -   wrote 12800 chunks; rows so far=18,257,576
2025-08-27 17:13:46,136 - INFO -   wrote 13000 chunks; rows so far=18,361,971
2025-08-27 17:13:48,043 - INFO -   wrote 13200 chunks; rows so far=18,555,825
2025-08-27 17:13:50,153 - INFO -   wrote 13400 chunks; rows so far=18,800,571
2025-08-27 17:13:51,967 - INFO -   wrote 13600 chunks; rows so far=18,969,774
2025-08-27 17:13:54,907 - INFO -   wrote 13800 chunks; rows so far=19,466,411
2025-08-27 17:13:56,797 - INFO -   wrote 14000 chunks; rows so far=19,648,064
2025-08-27 17:13:59,005 - INFO -   wrote 14200 chunks; rows so far=19,931,590
2025-08-27 17:14:00,753 - INFO -   wrote 14400 chunks; rows so far=20,079,974
2025-08-27 17:14:02,792 - INFO -   wrote 14600 chunks; rows so far=20,275,339
2025-08-27 17:14:04,809 - INFO -   wrote 14800 chunks; rows so far=20,482,287
2025-08-27 17:14:06,966 - INFO -   wrote 15000 chunks; rows so far=20,725,754
2025-08-27 17:14:08,921 - INFO -   wrote 15200 chunks; rows so far=20,928,990
2025-08-27 17:14:10,846 - INFO -   wrote 15400 chunks; rows so far=21,120,672
2025-08-27 17:14:12,878 - INFO -   wrote 15600 chunks; rows so far=21,335,492
2025-08-27 17:14:15,010 - INFO -   wrote 15800 chunks; rows so far=21,570,087
2025-08-27 17:14:17,061 - INFO -   wrote 16000 chunks; rows so far=21,783,824
2025-08-27 17:14:19,039 - INFO -   wrote 16200 chunks; rows so far=21,992,985
2025-08-27 17:14:21,156 - INFO -   wrote 16400 chunks; rows so far=22,225,489
2025-08-27 17:14:22,969 - INFO -   wrote 16600 chunks; rows so far=22,377,366
2025-08-27 17:14:25,095 - INFO -   wrote 16800 chunks; rows so far=22,624,775
2025-08-27 17:14:27,232 - INFO -   wrote 17000 chunks; rows so far=22,868,915
2025-08-27 17:14:29,325 - INFO -   wrote 17200 chunks; rows so far=23,096,744
2025-08-27 17:14:31,650 - INFO -   wrote 17400 chunks; rows so far=23,397,231
2025-08-27 17:14:34,152 - INFO -   wrote 17600 chunks; rows so far=23,742,129
2025-08-27 17:14:36,482 - INFO -   wrote 17800 chunks; rows so far=24,039,479
2025-08-27 17:14:39,384 - INFO -   wrote 18000 chunks; rows so far=24,471,781
2025-08-27 17:14:41,542 - INFO -   wrote 18200 chunks; rows so far=24,711,654
2025-08-27 17:14:42,212 - INFO - Combined dataset saved to data/processed/phase1_combined.parquet (rows=24,781,007, row_groups=18223)
2025-08-27 17:14:42,281 - INFO - Metadata saved to domain/phase1/dataset_metadata.json
2025-08-27 17:14:43,050 - INFO - Summary report generated at reports/phase1/summary_report.md
